2025-11-26 19:27:00 | DEBUG | repo=course-sys-int-systems-exam | action=commit
2025-04-27 18:45:00 | INFO | repo=course-sys-int-systems-exam | action=commit
2025-02-07 13:13:00 | INFO | repo=course-sys-int-systems-exam | action=commit
2025-10-08 09:20:00 | DEBUG | repo=course-sys-int-systems-exam | action=commit
2025-07-18 08:43:00 | DEBUG | repo=course-sys-int-systems-exam | action=commit
2025-04-14 16:49:00 | INFO | repo=course-sys-int-systems-exam | action=edit | files=5
2025-07-22 13:41:00 | WARN | repo=course-sys-int-systems-exam | action=commit
2025-07-28 18:42:00 | DEBUG | repo=course-sys-int-systems-exam | action=commit
2025-06-19 14:45:00 | WARN | repo=course-sys-int-systems-exam | action=commit
2025-01-05 18:11:00 | DEBUG | repo=course-sys-int-systems-exam | action=commit
2025-10-16 08:09:00 | INFO | repo=course-sys-int-systems-exam | action=commit
2025-03-16 10:16:00 | DEBUG | repo=course-sys-int-systems-exam | action=commit
2025-08-07 18:48:00 | WARN | repo=course-sys-int-systems-exam | action=pull
2025-10-22 08:39:00 | INFO | repo=course-sys-int-systems-exam | action=commit
2025-05-18 11:18:00 | WARN | repo=course-sys-int-systems-exam | action=commit
2025-02-02 12:50:00 | WARN | repo=course-sys-int-systems-exam | action=commit
2025-04-27 19:59:00 | WARN | repo=course-sys-int-systems-exam | action=edit | files=2
2025-01-23 15:20:00 | WARN | repo=course-sys-int-systems-exam | action=commit
2025-01-09 16:48:00 | WARN | repo=course-sys-int-systems-exam | action=commit
2025-09-05 17:32:00 | WARN | repo=course-sys-int-systems-exam | action=edit | files=3
2025-02-25 07:59:00 | WARN | repo=course-sys-int-systems-exam | action=commit
2025-06-04 10:14:00 | DEBUG | repo=course-sys-int-systems-exam | action=commit
2025-01-22 21:05:00 | DEBUG | repo=course-sys-int-systems-exam | action=commit
2025-09-10 18:13:00 | DEBUG | repo=course-sys-int-systems-exam | action=pull
2025-01-20 18:45:00 | WARN | repo=course-sys-int-systems-exam | action=commit
2025-09-27 21:11:00 | INFO | repo=course-sys-int-systems-exam | action=commit
2025-08-12 14:33:00 | WARN | repo=course-sys-int-systems-exam | action=commit
2025-08-07 07:36:00 | DEBUG | repo=course-sys-int-systems-exam | action=commit
2025-06-17 13:28:00 | WARN | repo=course-sys-int-systems-exam | action=test | passed=true
2025-10-14 08:14:00 | DEBUG | repo=course-sys-int-systems-exam | action=commit
2025-07-10 21:19:00 | WARN | repo=course-sys-int-systems-exam | action=edit | files=1
2025-12-14 07:03:00 | DEBUG | repo=course-sys-int-systems-exam | action=commit
2025-09-25 07:41:00 | DEBUG | repo=course-sys-int-systems-exam | action=commit
2025-11-16 09:16:00 | WARN | repo=course-sys-int-systems-exam | action=commit
2025-10-04 16:35:00 | DEBUG | repo=course-sys-int-systems-exam | action=commit
2025-06-13 12:30:00 | DEBUG | repo=course-sys-int-systems-exam | action=commit
2025-03-07 08:11:00 | DEBUG | repo=course-sys-int-systems-exam | action=commit
2025-09-17 17:38:00 | WARN | repo=course-sys-int-systems-exam | action=commit
2025-07-05 13:19:00 | WARN | repo=course-sys-int-systems-exam | action=commit
2025-07-22 17:12:00 | DEBUG | repo=course-sys-int-systems-exam | action=commit
2025-08-06 16:05:00 | DEBUG | repo=course-sys-int-systems-exam | action=edit | files=3
2025-07-05 14:53:00 | INFO | repo=course-sys-int-systems-exam | action=commit
2025-04-08 10:38:00 | WARN | repo=course-sys-int-systems-exam | action=commit
2025-01-24 20:56:00 | DEBUG | repo=course-sys-int-systems-exam | action=test | passed=true
2025-08-03 15:49:00 | INFO | repo=course-sys-int-systems-exam | action=test | passed=true
2025-11-09 20:14:00 | DEBUG | repo=course-sys-int-systems-exam | action=commit
2025-10-19 21:07:00 | DEBUG | repo=course-sys-int-systems-exam | action=commit
2025-02-27 12:46:00 | DEBUG | repo=course-sys-int-systems-exam | action=test | passed=true
2025-07-21 17:45:00 | INFO | repo=course-sys-int-systems-exam | action=commit
2025-08-27 16:49:00 | WARN | repo=course-sys-int-systems-exam | action=commit
2025-07-22 13:35:00 | INFO | repo=course-sys-int-systems-exam | action=edit | files=1
2025-05-28 08:03:00 | INFO | repo=course-sys-int-systems-exam | action=commit
2025-09-17 10:41:00 | WARN | repo=course-sys-int-systems-exam | action=commit
2025-09-27 11:45:00 | DEBUG | repo=course-sys-int-systems-exam | action=commit
2025-02-21 08:33:00 | DEBUG | repo=course-sys-int-systems-exam | action=commit
2025-09-18 12:20:00 | DEBUG | repo=course-sys-int-systems-exam | action=commit
2025-05-04 18:47:00 | DEBUG | repo=course-sys-int-systems-exam | action=commit
2025-12-07 13:05:00 | DEBUG | repo=course-sys-int-systems-exam | action=test | passed=true
2025-10-17 16:13:00 | WARN | repo=course-sys-int-systems-exam | action=commit
2025-08-03 21:56:00 | INFO | repo=course-sys-int-systems-exam | action=pull
2025-11-16 17:01:00 | WARN | repo=course-sys-int-systems-exam | action=commit
